2020-01-15 20:31:20,767 ERROR 45008 [-/127.0.0.1/-/5026ms GET /news] nodejs.ConnectionTimeoutError: Connect timeout for 5000ms, GET https://hello-5173c.firebaseio.com/v0/topstories.json -2 (connected: false, keepalive socket: false, agent status: {"createSocketCount":1,"createSocketErrorCount":0,"closeSocketCount":1,"errorSocketCount":0,"timeoutSocketCount":0,"requestCount":0,"freeSockets":{},"sockets":{},"requests":{}}, socketHandledRequests: 1, socketHandledResponses: 0)
headers: {}
headers: {}
    at Timeout._onTimeout (/Users/guoqianrong/Desktop/egg-mysite/node_modules/urllib/lib/urllib.js:926:15)
    at listOnTimeout (internal/timers.js:531:17)
    at processTimers (internal/timers.js:475:7)
name: "ConnectionTimeoutError"
requestId: 1
data: undefined
path: "/v0/topstories.json?orderBy=%22%24key%22&startAt=%220%22&endAt=%224%22"
status: -2
headers: {}
res: {"status":-2,"statusCode":-2,"statusMessage":null,"headers":{},"size":0,"aborted":false,"rt":5023,"keepAliveSocket":false,"requestUrls":["https://hello-5173c.firebaseio.com/v0/topstories.json"],"timing":null,"remoteAddress":"35.201.97.85","remotePort":"","socketHandledRequests":1,"socketHandledResponses":0}
pid: 45008
hostname: guoqianrongdeMacBook-Pro.local

2020-01-15 20:36:06,825 ERROR 45023 [-/127.0.0.1/-/5021ms GET /news] nodejs.ConnectionTimeoutError: Connect timeout for 5000ms, GET https://hello-5173c.firebaseio.com/v0 -2 (connected: false, keepalive socket: false, agent status: {"createSocketCount":1,"createSocketErrorCount":0,"closeSocketCount":1,"errorSocketCount":0,"timeoutSocketCount":0,"requestCount":0,"freeSockets":{},"sockets":{},"requests":{}}, socketHandledRequests: 1, socketHandledResponses: 0)
headers: {}
headers: {}
    at Timeout._onTimeout (/Users/guoqianrong/Desktop/egg-mysite/node_modules/urllib/lib/urllib.js:926:15)
    at listOnTimeout (internal/timers.js:531:17)
    at processTimers (internal/timers.js:475:7)
name: "ConnectionTimeoutError"
requestId: 1
data: undefined
path: "/v0?orderBy=%22%24key%22&startAt=%220%22&endAt=%224%22"
status: -2
headers: {}
res: {"status":-2,"statusCode":-2,"statusMessage":null,"headers":{},"size":0,"aborted":false,"rt":5015,"keepAliveSocket":false,"requestUrls":["https://hello-5173c.firebaseio.com/v0"],"timing":null,"remoteAddress":"35.201.97.85","remotePort":"","socketHandledRequests":1,"socketHandledResponses":0}
pid: 45023
hostname: guoqianrongdeMacBook-Pro.local

