2020-01-15 16:43:44,599 INFO 39371 [Timer] /Users/guoqianrong/Desktop/egg-mysite/node_modules/egg-multipart/app/schedule/clean_tmpdir.js next time will execute after 42375403ms at 2020-01-16 04:30:00.002
2020-01-15 16:43:44,599 INFO 39371 [Timer] /Users/guoqianrong/Desktop/egg-mysite/node_modules/egg-logrotator/app/schedule/clean_log.js next time will execute after 26175401ms at 2020-01-16 00:00:00.000
2020-01-15 16:43:44,600 INFO 39371 [Timer] /Users/guoqianrong/Desktop/egg-mysite/node_modules/egg-logrotator/app/schedule/rotate_by_file.js next time will execute after 26176401ms at 2020-01-16 00:00:01.001
2020-01-15 16:43:44,539 INFO 39372 [egg-schedule]: register schedule /Users/guoqianrong/Desktop/egg-mysite/node_modules/egg-multipart/app/schedule/clean_tmpdir.js
2020-01-15 16:43:44,539 INFO 39372 [egg-schedule]: register schedule /Users/guoqianrong/Desktop/egg-mysite/node_modules/egg-logrotator/app/schedule/clean_log.js
2020-01-15 16:43:44,539 INFO 39372 [egg-schedule]: register schedule /Users/guoqianrong/Desktop/egg-mysite/node_modules/egg-logrotator/app/schedule/rotate_by_file.js
2020-01-15 16:51:59,544 INFO 40635 [Timer] /Users/guoqianrong/Desktop/egg-mysite/node_modules/egg-multipart/app/schedule/clean_tmpdir.js next time will execute after 41880459ms at 2020-01-16 04:30:00.003
2020-01-15 16:51:59,544 INFO 40635 [Timer] /Users/guoqianrong/Desktop/egg-mysite/node_modules/egg-logrotator/app/schedule/clean_log.js next time will execute after 25680456ms at 2020-01-16 00:00:00.000
2020-01-15 16:51:59,544 INFO 40635 [Timer] /Users/guoqianrong/Desktop/egg-mysite/node_modules/egg-logrotator/app/schedule/rotate_by_file.js next time will execute after 25681456ms at 2020-01-16 00:00:01.000
2020-01-15 16:51:59,488 INFO 40636 [egg-schedule]: register schedule /Users/guoqianrong/Desktop/egg-mysite/node_modules/egg-multipart/app/schedule/clean_tmpdir.js
2020-01-15 16:51:59,488 INFO 40636 [egg-schedule]: register schedule /Users/guoqianrong/Desktop/egg-mysite/node_modules/egg-logrotator/app/schedule/clean_log.js
2020-01-15 16:51:59,488 INFO 40636 [egg-schedule]: register schedule /Users/guoqianrong/Desktop/egg-mysite/node_modules/egg-logrotator/app/schedule/rotate_by_file.js
2020-01-15 17:56:41,276 INFO 44357 [Timer] /Users/guoqianrong/Desktop/egg-mysite/node_modules/egg-multipart/app/schedule/clean_tmpdir.js next time will execute after 37998726ms at 2020-01-16 04:30:00.002
2020-01-15 17:56:41,276 INFO 44357 [Timer] /Users/guoqianrong/Desktop/egg-mysite/node_modules/egg-logrotator/app/schedule/clean_log.js next time will execute after 21798724ms at 2020-01-16 00:00:00.000
2020-01-15 17:56:41,276 INFO 44357 [Timer] /Users/guoqianrong/Desktop/egg-mysite/node_modules/egg-logrotator/app/schedule/rotate_by_file.js next time will execute after 21799724ms at 2020-01-16 00:00:01.000
2020-01-15 17:56:41,221 INFO 44358 [egg-schedule]: register schedule /Users/guoqianrong/Desktop/egg-mysite/node_modules/egg-multipart/app/schedule/clean_tmpdir.js
2020-01-15 17:56:41,221 INFO 44358 [egg-schedule]: register schedule /Users/guoqianrong/Desktop/egg-mysite/node_modules/egg-logrotator/app/schedule/clean_log.js
2020-01-15 17:56:41,221 INFO 44358 [egg-schedule]: register schedule /Users/guoqianrong/Desktop/egg-mysite/node_modules/egg-logrotator/app/schedule/rotate_by_file.js
2020-01-15 20:30:42,372 INFO 45007 [Timer] /Users/guoqianrong/Desktop/egg-mysite/node_modules/egg-multipart/app/schedule/clean_tmpdir.js next time will execute after 28757630ms at 2020-01-16 04:30:00.002
2020-01-15 20:30:42,372 INFO 45007 [Timer] /Users/guoqianrong/Desktop/egg-mysite/node_modules/egg-logrotator/app/schedule/clean_log.js next time will execute after 12557628ms at 2020-01-16 00:00:00.000
2020-01-15 20:30:42,373 INFO 45007 [Timer] /Users/guoqianrong/Desktop/egg-mysite/node_modules/egg-logrotator/app/schedule/rotate_by_file.js next time will execute after 12558628ms at 2020-01-16 00:00:01.001
2020-01-15 20:30:42,310 INFO 45008 [egg-schedule]: register schedule /Users/guoqianrong/Desktop/egg-mysite/node_modules/egg-multipart/app/schedule/clean_tmpdir.js
2020-01-15 20:30:42,311 INFO 45008 [egg-schedule]: register schedule /Users/guoqianrong/Desktop/egg-mysite/node_modules/egg-logrotator/app/schedule/clean_log.js
2020-01-15 20:30:42,311 INFO 45008 [egg-schedule]: register schedule /Users/guoqianrong/Desktop/egg-mysite/node_modules/egg-logrotator/app/schedule/rotate_by_file.js
2020-01-15 20:35:58,173 INFO 45023 [egg-schedule]: register schedule /Users/guoqianrong/Desktop/egg-mysite/node_modules/egg-multipart/app/schedule/clean_tmpdir.js
2020-01-15 20:35:58,173 INFO 45023 [egg-schedule]: register schedule /Users/guoqianrong/Desktop/egg-mysite/node_modules/egg-logrotator/app/schedule/clean_log.js
2020-01-15 20:35:58,173 INFO 45023 [egg-schedule]: register schedule /Users/guoqianrong/Desktop/egg-mysite/node_modules/egg-logrotator/app/schedule/rotate_by_file.js
